<?xml version="1.0" encoding="UTF-8"?>
<!-- Generated by org.testng.reporters.JUnitXMLReporter -->
<testsuite hostname="DESKTOP-DR5LSJT" ignored="0" name="Command line test" tests="4" failures="1" timestamp="2019-09-21T18:35:28 IST" time="0.082" errors="0">
  <testcase name="testAppium" time="0.008" classname="qaclickacademy.AppiumTest"/>
  <testcase name="udemyQuestion" time="0.0" classname="qaclickacademy.BrowsingThroughUdemyTest">
    <failure type="org.testng.TestNGException" message="
Parameter &amp;apos;USERNAME&amp;apos; is required by @Test on method udemyQuestion but has not been marked @Optional or defined
">
      <![CDATA[org.testng.TestNGException: 
Parameter 'USERNAME' is required by @Test on method udemyQuestion but has not been marked @Optional or defined

at java.util.ArrayList.forEach(Unknown Source)
... Removed 36 stack frames]]>
    </failure>
  </testcase> <!-- udemyQuestion -->
  <testcase name="testPerformance" time="0.001" classname="qaclickacademy.PerformanceTest"/>
  <testcase name="testSelenium" time="0.001" classname="qaclickacademy.SeleniumTest"/>
</testsuite> <!-- Command line test -->
